2026-03-04 15:54:05,997 INFO __main__: Reprocessing themes for 284 sources
2026-03-04 15:54:06 [info     ] api_semaphore_init             limit=5
2026-03-04 15:54:34,229 INFO ingest.theme_classifier: Low theme coverage (max relevance=0.00) for 01KJS29W8KWK4R7YDZ99XPPMJ4 \u2014 proposing new theme
2026-03-04 15:55:03,042 INFO __main__: [1/284] Themes for 01KJS29W8KWK4R7YDZ99XPPMJ4: []
2026-03-04 15:55:23,490 INFO ingest.theme_classifier: Low theme coverage (max relevance=0.40) for 01KJT16GQ76PXYZ4T9H93ND4RD \u2014 proposing new theme
2026-03-04 15:55:53,983 INFO ingest.theme_classifier: Created level-1 theme proposal: founder_signal (Founder and Builder Signal)
2026-03-04 15:55:53,983 INFO __main__: [2/284] Themes for 01KJT16GQ76PXYZ4T9H93ND4RD: ['saas_disruption', 'ai_economics']
2026-03-04 15:56:19,608 INFO __main__: [3/284] Themes for 01KJT6H3QAXK80C0930JASQBPF: ['rlhf_and_reward_modeling', 'reinforcement_learning', 'test_time_compute', 'adaptive_computation', 'architectural_innovation', 'safety_and_alignment']
2026-03-04 15:56:58,949 INFO __main__: [4/284] Themes for 01KJT6M5JKBJ868294SBFCSXDV: ['reasoning', 'reasoning_and_planning', 'test_time_compute', 'reinforcement_learning', 'software_agents', 'autonomous_agents', 'code_and_software']
2026-03-04 15:57:28,978 INFO __main__: [5/284] Themes for 01KJT6RXNSQ8HZXA9JFP31EPRD: ['test_time_learning', 'learning_dynamics', 'test_time_compute', 'reinforcement_learning', 'mathematics_and_proofs', 'scientific_discovery']
2026-03-04 15:58:06,502 INFO __main__: [6/284] Themes for 01KJTKT231S15HXEVDVGGYJ5PW: ['vision_language_models', 'multimodality', 'reasoning_benchmarks', 'evaluation_and_benchmarks', 'scaling_laws', 'learning_dynamics']
2026-03-04 15:58:30,725 INFO __main__: [7/284] Themes for 01KJTKVK4Y2PFK1WTGG8AFGW50: ['model_based_rl', 'world_models', 'mechanistic_interpretability', 'interpretability', 'deception_and_corrigibility', 'safety_and_alignment']
2026-03-04 15:58:57,579 INFO __main__: [8/284] Themes for 01KJTKWSMKJ3SMNHSW8EDA0W5J: ['retrieval_augmented_generation', 'memory_and_context', 'long_context', 'inference_efficiency', 'compute_and_hardware']
2026-03-04 15:59:23,008 INFO __main__: [9/284] Themes for 01KJTKZK03YVKP1SXPM67EFTWB: ['autonomous_agents', 'continual_learning', 'learning_dynamics', 'multi_agent_systems', 'memory_and_context', 'retrieval_augmented_generation']
2026-03-04 15:59:44,004 INFO __main__: [10/284] Themes for 01KJTM1K7FTHXQE1VVYGNH182B: ['test_time_compute', 'reinforcement_learning', 'reasoning', 'reasoning_and_planning', 'scaling_laws', 'learning_dynamics']
2026-03-04 16:00:15,634 INFO __main__: [11/284] Themes for 01KJTM33JCSNTRYDT4JYQWBZE9: ['autonomous_agents', 'computer_use_agents', 'personal_assistants', 'software_agents', 'code_and_software', 'memory_and_context']
2026-03-04 16:00:51,326 INFO __main__: [12/284] Themes for 01KJTM4P7PSZ9TQ1WJX19JC1TM: ['memory_and_context', 'retrieval_augmented_generation', 'reinforcement_learning', 'rlhf_and_reward_modeling', 'multi_agent_systems', 'autonomous_agents', 'safety_and_alignment']
2026-03-04 16:01:29,587 INFO __main__: [13/284] Themes for 01KJTM7AQBVQ8DCDMHH6B4J318: ['representation_learning', 'architectural_innovation', 'retrieval_augmented_generation', 'memory_and_context', 'evaluation_and_benchmarks', 'reasoning_benchmarks']
2026-03-04 16:02:15,102 INFO __main__: [14/284] Themes for 01KJTM994WR8NQRXJYD7Z74EHT: ['test_time_compute', 'reinforcement_learning', 'reasoning', 'reasoning_and_planning', 'training_infrastructure', 'compute_and_hardware']
2026-03-04 16:02:49,105 INFO __main__: [15/284] Themes for 01KJTMAX0GM8NACZPT9SGWHQ3X: ['rlhf_and_reward_modeling', 'reinforcement_learning', 'test_time_compute', 'reasoning', 'reasoning_and_planning', 'safety_and_alignment']
2026-03-04 16:03:17,051 INFO __main__: [16/284] Themes for 01KJTMCJY1VR7XBK30K79RA9A4: ['personal_assistants', 'autonomous_agents', 'continual_learning', 'learning_dynamics', 'retrieval_augmented_generation', 'memory_and_context']
2026-03-04 16:03:57,203 INFO __main__: [17/284] Themes for 01KJTME7HTKC015QA0VJG19C8H: ['reinforcement_learning', 'rlhf_and_reward_modeling', 'reasoning', 'reasoning_and_planning', 'test_time_compute', 'safety_and_alignment']
2026-03-04 16:04:31,450 INFO __main__: [18/284] Themes for 01KJTMGSTSRJEV5VTV93WVW7P9: ['reasoning', 'reasoning_and_planning', 'software_agents', 'code_and_software', 'rlhf_and_reward_modeling', 'reinforcement_learning', 'safety_and_alignment']
2026-03-04 16:05:14,764 INFO __main__: [19/284] Themes for 01KJTMK79EGQTSBGMN1B215EKM: ['multi_agent_systems', 'autonomous_agents', 'finetuning_and_distillation', 'code_and_software', 'test_time_compute', 'reinforcement_learning']
2026-03-04 16:05:42,491 INFO __main__: [20/284] Themes for 01KJTMKZPAPXSV9XW07NJW9KTR: ['test_time_compute', 'reinforcement_learning', 'retrieval_augmented_generation', 'memory_and_context', 'reasoning', 'reasoning_and_planning']
2026-03-04 16:06:32,555 INFO __main__: [21/284] Themes for 01KJTMPYR9ZD888R6EKRFPSX4J: ['reasoning', 'reasoning_and_planning', 'adaptive_computation', 'neuroscience_intersection', 'architectural_innovation', 'evaluation_and_benchmarks']
2026-03-04 16:06:52,951 INFO __main__: [22/284] Themes for 01KJTMRHHGEJAPYKFBPHVV6MCE: ['mathematics_and_proofs', 'scientific_discovery', 'reasoning', 'reasoning_and_planning', 'test_time_compute', 'reinforcement_learning']
2026-03-04 16:07:28,066 INFO __main__: [23/284] Themes for 01KJTMV92BSG058TX3CFME2BQT: ['mechanistic_interpretability', 'interpretability', 'hallucination_and_calibration', 'robustness_and_reliability', 'deception_and_corrigibility', 'safety_and_alignment']
2026-03-04 16:07:57,429 INFO __main__: [24/284] Themes for 01KJTMX34E13AFQZCAJG9KF8JD: ['transformer_alternatives', 'architectural_innovation', 'scaling_laws', 'sample_efficiency', 'learning_dynamics']
2026-03-04 16:08:32,405 INFO __main__: [25/284] Themes for 01KJTMXXZGZQAMKDR6N10JMD1M: ['sample_efficiency', 'learning_dynamics', 'rlhf_and_reward_modeling', 'reinforcement_learning', 'test_time_compute', 'reasoning', 'safety_and_alignment', 'reasoning_and_planning']
2026-03-04 16:08:55,544 INFO __main__: [26/284] Themes for 01KJTN04YCTMRTN22442JC56F3: ['mathematics_and_proofs', 'scientific_discovery', 'reasoning', 'reasoning_and_planning', 'test_time_compute', 'reinforcement_learning']
2026-03-04 16:09:28,488 INFO __main__: [27/284] Themes for 01KJTN36CP4M8VZYW8BNS2TYDM: ['rlhf_and_reward_modeling', 'reinforcement_learning', 'safety_and_alignment', 'dialogue_and_assistants', 'language_and_communication']
2026-03-04 16:10:01,950 INFO __main__: [28/284] Themes for 01KJTN3N0MX4CM4A1ME57J3ME0: ['rlhf_and_reward_modeling', 'reinforcement_learning', 'reasoning', 'reasoning_and_planning', 'medical_ai', 'scientific_discovery', 'safety_and_alignment']
2026-03-04 16:10:33,733 INFO __main__: [29/284] Themes for 01KJTN6GH7AG4Y8XWP6J7Y2BTN: ['hallucination_and_calibration', 'robustness_and_reliability', 'uncertainty_quantification', 'interpretability', 'rlhf_and_reward_modeling', 'reinforcement_learning', 'safety_and_alignment']
2026-03-04 16:10:58,934 INFO __main__: [30/284] Themes for 01KJTN8HBDDB552EK3Q950SYDQ: ['adaptive_computation', 'architectural_innovation', 'transformer_alternatives', 'inference_efficiency', 'compute_and_hardware', 'scaling_laws', 'learning_dynamics']
2026-03-04 16:11:36,716 INFO __main__: [31/284] Themes for 01KJTNBKSKJ6ZDQDWY9WHGNQTP: ['test_time_compute', 'reinforcement_learning', 'retrieval_augmented_generation', 'memory_and_context', 'autonomous_agents', 'reasoning', 'reasoning_and_planning']
2026-03-04 16:12:02,246 INFO __main__: [32/284] Themes for 01KJTNBZH14TEKXP19FT16W8TY: ['in_context_learning', 'learning_dynamics', 'mechanistic_interpretability', 'interpretability', 'representation_learning', 'architectural_innovation']
2026-03-04 16:12:23,898 INFO __main__: [33/284] Themes for 01KJTNEFKKKGT5BEWNG2W426MV: ['benchmark_saturation', 'evaluation_and_benchmarks', 'computer_use_agents', 'autonomous_agents', 'dialogue_and_assistants', 'language_and_communication']
2026-03-04 16:12:56,829 INFO __main__: [34/284] Themes for 01KJTNH60KQN3MFCZCQVRWCQX3: ['test_time_compute', 'reinforcement_learning', 'reasoning', 'reasoning_and_planning', 'rlhf_and_reward_modeling', 'finetuning_and_distillation', 'safety_and_alignment', 'code_and_software']
2026-03-04 16:13:39,081 INFO __main__: [35/284] Themes for 01KJTNJCZNRC73ZRS71693XZBS: ['long_context', 'memory_and_context', 'reinforcement_learning', 'autonomous_agents', 'continual_learning', 'learning_dynamics']
2026-03-04 16:14:10,826 INFO __main__: [36/284] Themes for 01KJTNMPQ6X586C0PCRSY62TC5: ['test_time_compute', 'reinforcement_learning', 'world_models', 'video_and_physics_models', 'vision_language_models', 'mcts_and_tree_search', 'multimodality', 'reasoning_and_planning']
2026-03-04 16:14:46,599 INFO __main__: [37/284] Themes for 01KJTNPY47KBG455VZ4FCZC9FR: ['rlhf_and_reward_modeling', 'reinforcement_learning', 'value_functions', 'mcts_and_tree_search', 'reasoning_and_planning', 'multi_agent_systems', 'safety_and_alignment', 'autonomous_agents']
2026-03-04 16:15:16,044 INFO __main__: [38/284] Themes for 01KJTNQNAG7PQ6JS7X6JENJ7JH: ['vision_language_models', 'multimodality', 'reasoning', 'reasoning_and_planning', 'rlhf_and_reward_modeling', 'reinforcement_learning', 'safety_and_alignment']
2026-03-04 16:15:47,867 INFO __main__: [39/284] Themes for 01KJTNTHTPSNR70SSEDMC3Y2CZ: ['long_context', 'memory_and_context', 'rlhf_and_reward_modeling', 'reinforcement_learning', 'transformer_alternatives', 'architectural_innovation', 'safety_and_alignment']
2026-03-04 16:16:27,664 INFO __main__: [40/284] Themes for 01KJTNW0W4JFNXBS89R7JDZG5G: ['vision_language_models', 'multimodality', 'reasoning', 'reasoning_and_planning', 'neurosymbolic_hybrid', 'finetuning_and_distillation', 'architectural_innovation', 'code_and_software']
2026-03-04 16:16:57,712 INFO __main__: [41/284] Themes for 01KJTNZS7X36EGSKTVH7B5S18M: ['transformer_alternatives', 'architectural_innovation', 'test_time_compute', 'reasoning', 'reasoning_and_planning', 'scaling_laws', 'reinforcement_learning', 'learning_dynamics']
2026-03-04 16:17:36,093 INFO __main__: [42/284] Themes for 01KJTP54EYE9CBWV7A593AFAQP: ['finetuning_and_distillation', 'code_and_software', 'data', 'sample_efficiency', 'learning_dynamics', 'reasoning', 'reasoning_and_planning']
2026-03-04 16:18:14,595 INFO __main__: [43/284] Themes for 01KJTP56NVHW0GKJH3XQCG4E4V: ['reasoning', 'reasoning_and_planning', 'rlhf_and_reward_modeling', 'reinforcement_learning', 'representation_learning', 'architectural_innovation', 'safety_and_alignment']
2026-03-04 16:18:50,703 INFO __main__: [44/284] Themes for 01KJTP7WMBW5WAB4NJAB1ESNTJ: ['reasoning_benchmarks', 'evaluation_and_benchmarks', 'software_agents', 'code_and_software', 'scientific_discovery', 'reasoning', 'reasoning_and_planning']
2026-03-04 16:19:13,671 INFO __main__: [45/284] Themes for 01KJTPAM3DXFNX3FEHJJTZ73H3: ['video_and_physics_models', 'world_models', 'embodied_grounding', 'manipulation_and_locomotion', 'robotics', 'sim_to_real', 'multimodality']
2026-03-04 16:19:37,725 INFO __main__: [46/284] Themes for 01KJTPB47QAEMCV664AH1X89Y6: ['model_based_rl', 'world_models', 'manipulation_and_locomotion', 'robotics', 'vision_language_models', 'multimodality']
2026-03-04 16:20:07,130 INFO __main__: [47/284] Themes for 01KJTPC0T74FVTRCTH3Q6YM2XC: ['transformer_alternatives', 'architectural_innovation', 'program_synthesis', 'code_and_software', 'rlhf_and_reward_modeling', 'reinforcement_learning', 'safety_and_alignment']
2026-03-04 16:20:38,047 INFO __main__: [48/284] Themes for 01KJTPFD62H29TJN51149EYX48: ['image_generation', 'creative_generation', 'vision_language_models', 'multimodality', 'test_time_compute', 'reinforcement_learning']
2026-03-04 16:21:05,119 INFO __main__: [49/284] Themes for 01KJTPFVK63FP9BRNCF5F7XXC2: ['transformer_alternatives', 'architectural_innovation', 'long_context', 'memory_and_context', 'adaptive_computation']
2026-03-04 16:21:30,276 INFO __main__: [50/284] Themes for 01KJTPGRRAEH18W4SK0C0J6SEV: ['manipulation_and_locomotion', 'robotics', 'video_and_physics_models', 'world_models', 'vision_language_models', 'multimodality']
2026-03-04 16:21:54,488 INFO __main__: [51/284] Themes for 01KJTPMJBF37SDX28VSNECG0AW: ['vision_language_models', 'multimodality', 'adaptive_computation', 'architectural_innovation', 'long_context', 'memory_and_context']
2026-03-04 16:22:26,571 INFO __main__: [52/284] Themes for 01KJTPP3C1RJAVANFKA3HAJKWY: ['vision_language_models', 'multimodality', 'adaptive_computation', 'architectural_innovation', 'long_context', 'computer_use_agents', 'memory_and_context', 'autonomous_agents']
2026-03-04 16:22:52,888 INFO __main__: [53/284] Themes for 01KJTPP5WBNZNR9WY0VMZ7TH3T: ['vision_language_models', 'multimodality', 'image_generation', 'representation_learning', 'architectural_innovation', 'creative_generation']
2026-03-04 16:23:27,027 INFO __main__: [54/284] Themes for 01KJTPV81QCQHFFQ4QGCPKJ8FY: ['test_time_compute', 'reinforcement_learning', 'rlhf_and_reward_modeling', 'reasoning', 'reasoning_and_planning', 'safety_and_alignment']
2026-03-04 16:24:09,810 INFO __main__: [55/284] Themes for 01KJTPVSWTK7XQS7HT1TQQVXV2: ['vision_language_models', 'multimodality', 'image_generation', 'creative_generation', 'video_understanding', 'video_and_physics_models']
2026-03-04 16:24:46,083 INFO __main__: [56/284] Themes for 01KJTPVV117TGWN29DZEAS90WA: ['transformer_alternatives', 'architectural_innovation', 'representation_learning', 'scaling_laws', 'learning_dynamics']
2026-03-04 16:25:13,053 INFO __main__: [57/284] Themes for 01KJTQ0EQT3NPZSQAZ4D1D8SJA: ['test_time_compute', 'reinforcement_learning', 'reasoning', 'reasoning_and_planning', 'rlhf_and_reward_modeling', 'finetuning_and_distillation', 'safety_and_alignment', 'code_and_software']
2026-03-04 16:25:40,620 INFO __main__: [58/284] Themes for 01KJTQ0YV3DYY4VZD2DA8XQWKX: ['test_time_compute', 'reinforcement_learning', 'rlhf_and_reward_modeling', 'reasoning', 'reasoning_and_planning', 'sample_efficiency', 'safety_and_alignment', 'learning_dynamics']
2026-03-04 16:26:16,218 INFO __main__: [59/284] Themes for 01KJTQ0XQRB50VSN951C5WB06K: ['reinforcement_learning', 'reasoning', 'reasoning_and_planning', 'rlhf_and_reward_modeling', 'evaluation_and_benchmarks', 'reasoning_benchmarks', 'safety_and_alignment']
2026-03-04 16:26:54,004 INFO __main__: [60/284] Themes for 01KJTQ65VXMV31FEDTS7ZXS8VH: ['video_understanding', 'multimodality', 'reasoning', 'reasoning_and_planning', 'vision_language_models', 'hierarchical_planning']
2026-03-04 16:27:32,042 INFO __main__: [61/284] Themes for 01KJTQ6SB0CMGZ7EKYGMYAWPGD: ['test_time_compute', 'reinforcement_learning', 'reasoning', 'reasoning_and_planning', 'self_play_and_expert_iteration', 'scaling_laws', 'learning_dynamics']
2026-03-04 16:28:46,741 INFO __main__: [62/284] Themes for 01KJTQ74E7CE1V0S09YFQEF1Q3: ['test_time_compute', 'reinforcement_learning', 'rlhf_and_reward_modeling', 'reasoning', 'reasoning_and_planning', 'evaluation_and_benchmarks', 'safety_and_alignment']
2026-03-04 16:29:35,463 INFO __main__: [63/284] Themes for 01KJTQCEKYJAG3872TW79TNCZ8: ['transformer_alternatives', 'architectural_innovation', 'inference_efficiency', 'compute_and_hardware', 'learning_dynamics']
2026-03-04 16:30:14,025 INFO __main__: [64/284] Themes for 01KJTQCH1TD2GP3Y316YC5PX06: ['test_time_learning', 'learning_dynamics', 'synthetic_data_generation', 'rlhf_and_reward_modeling', 'reinforcement_learning', 'in_context_learning', 'safety_and_alignment']
2026-03-04 16:30:38,540 INFO __main__: [65/284] Themes for 01KJTQD302SP6FG6TY60GF5Q1E: ['computer_use_agents', 'autonomous_agents', 'safety_and_alignment', 'vision_language_models', 'multimodality']
2026-03-04 16:31:14,587 INFO __main__: [66/284] Themes for 01KJTQH6AARJQYQXWEP3E5GY52: ['rlhf_and_reward_modeling', 'reinforcement_learning', 'reasoning', 'reasoning_and_planning', 'data', 'learning_dynamics', 'safety_and_alignment']
2026-03-04 16:31:54,001 INFO __main__: [67/284] Themes for 01KJTQH85KRGRP02JGFVY2ZZF6: ['reinforcement_learning', 'rlhf_and_reward_modeling', 'scaling_laws', 'learning_dynamics', 'reasoning', 'reasoning_and_planning', 'safety_and_alignment']
2026-03-04 16:32:38,895 INFO __main__: [68/284] Themes for 01KJTQH65719Z4P50D125AY4H2: ['test_time_compute', 'reinforcement_learning', 'computer_use_agents', 'autonomous_agents', 'self_play_and_expert_iteration', 'value_functions']
2026-03-04 16:33:23,130 INFO __main__: [69/284] Themes for 01KJTQRK4149XWRK6QFSAHABQX: ['autonomous_agents', 'multi_agent_systems', 'compute_and_hardware', 'inference_efficiency', 'code_and_software', 'finetuning_and_distillation']
2026-03-04 16:33:52,323 INFO __main__: [70/284] Themes for 01KJTQRXBY5D86ATF1V7EGZ234: ['scaling_laws', 'learning_dynamics', 'data', 'mechanistic_interpretability', 'interpretability']
2026-03-04 16:34:30,297 INFO __main__: [71/284] Themes for 01KJTQSWGFZP6G4KFH7FXBA089: ['test_time_compute', 'reinforcement_learning', 'reasoning', 'reasoning_and_planning', 'mechanistic_interpretability', 'interpretability']
2026-03-04 16:35:07,785 INFO __main__: [72/284] Themes for 01KJTQXH92QANC6B16JEK1TBFS: ['rlhf_and_reward_modeling', 'reinforcement_learning', 'self_play_and_expert_iteration', 'reasoning', 'reasoning_and_planning', 'test_time_compute', 'safety_and_alignment']
2026-03-04 16:35:52,221 INFO __main__: [73/284] Themes for 01KJTQXNA5QQQPTXXWJTJ2RBM0: ['reinforcement_learning', 'reasoning', 'reasoning_and_planning', 'rlhf_and_reward_modeling', 'scaling_laws', 'learning_dynamics', 'safety_and_alignment']
2026-03-04 16:36:20,883 INFO __main__: [74/284] Themes for 01KJTQZ7NZ2SYVQ3B1TP79G4RQ: ['continual_learning', 'learning_dynamics', 'vision_language_models', 'multimodality', 'finetuning_and_distillation', 'code_and_software']
2026-03-04 16:36:57,634 INFO __main__: [75/284] Themes for 01KJV3DVFC97VTBMSKRB726WDH: ['autonomous_agents', 'reasoning', 'reasoning_and_planning', 'computer_use_agents', 'rlhf_and_reward_modeling', 'reinforcement_learning', 'safety_and_alignment']
2026-03-04 16:37:39,156 INFO __main__: [76/284] Themes for 01KJV3EHT79TRZC43MWGV8AFJ9: ['medical_ai', 'scientific_discovery', 'dialogue_and_assistants', 'language_and_communication', 'reasoning', 'reasoning_and_planning']
2026-03-04 16:38:12,586 INFO __main__: [77/284] Themes for 01KJV3G6RYWC5JM8X47AK9AAGE: ['reasoning', 'reasoning_and_planning', 'test_time_compute', 'reinforcement_learning', 'self_play_and_expert_iteration', 'program_synthesis', 'code_and_software']
2026-03-04 16:38:40,534 INFO __main__: [78/284] Themes for 01KJV3M3CCRCTJ0M3XV0TM1W6Y: ['rlhf_and_reward_modeling', 'reinforcement_learning', 'vision_language_models', 'multimodality', 'sample_efficiency', 'reasoning', 'safety_and_alignment', 'learning_dynamics', 'reasoning_and_planning']
2026-03-04 16:39:14,194 INFO __main__: [79/284] Themes for 01KJV3MZFWPT1XMRZ5BZYQ0DMX: ['reasoning', 'reasoning_and_planning', 'test_time_compute', 'reinforcement_learning', 'inference_efficiency', 'compute_and_hardware']
2026-03-04 16:39:44,759 INFO __main__: [80/284] Themes for 01KJV3PQ9W8J5XF8VBCBBYZEF3: ['reasoning', 'reasoning_and_planning', 'software_agents', 'code_and_software', 'evaluation_and_benchmarks']
2026-03-04 16:40:22,291 INFO __main__: [81/284] Themes for 01KJV3VT1CZCW1CH2F11Y2B6ND: ['retrieval_augmented_generation', 'memory_and_context', 'vision_language_models', 'multimodality', 'representation_learning', 'architectural_innovation']
2026-03-04 16:40:59,307 INFO __main__: [82/284] Themes for 01KJV3W9QTWHPKY0X75EST48R9: ['software_agents', 'code_and_software', 'reinforcement_learning', 'self_play_and_expert_iteration', 'reasoning', 'reasoning_and_planning']
2026-03-04 16:41:22,524 INFO __main__: [83/284] Themes for 01KJV3X90H49CTVN35T1QDQR8V: ['test_time_compute', 'reinforcement_learning', 'reasoning', 'reasoning_and_planning', 'hallucination_and_calibration', 'robustness_and_reliability']
2026-03-04 16:41:48,167 INFO __main__: [84/284] Themes for 01KJV42M0KB822AY266HGWP4JD: ['vision_language_models', 'multimodality', 'video_understanding', 'rlhf_and_reward_modeling', 'finetuning_and_distillation', 'long_context', 'safety_and_alignment', 'code_and_software', 'memory_and_context']
2026-03-04 16:42:12,844 INFO __main__: [85/284] Themes for 01KJV42RE16RXA64ZVX352JNJ0: ['retrieval_augmented_generation', 'memory_and_context', 'long_context']
2026-03-04 16:42:46,660 INFO __main__: [86/284] Themes for 01KJV44APF5CB8BG6AH8428PA3: ['representation_learning', 'architectural_innovation', 'mechanistic_interpretability', 'interpretability', 'sample_efficiency', 'learning_dynamics']
2026-03-04 16:43:13,028 INFO __main__: [87/284] Themes for 01KJV47G2KX4WPZ9E3Y2JY5AF1: ['test_time_compute', 'reinforcement_learning', 'rlhf_and_reward_modeling', 'reasoning_benchmarks', 'evaluation_and_benchmarks', 'scaling_laws', 'safety_and_alignment', 'learning_dynamics']
2026-03-04 16:43:44,692 INFO __main__: [88/284] Themes for 01KJV47KDZ75MQ27779QTQTGET: ['long_context', 'memory_and_context', 'inference_efficiency', 'compute_and_hardware', 'training_infrastructure']
2026-03-04 16:44:12,887 INFO __main__: [89/284] Themes for 01KJV49W0K92F6SQQ3HMJTR25N: ['test_time_compute', 'adaptive_computation', 'architectural_innovation', 'reasoning', 'reinforcement_learning', 'reasoning_and_planning']
2026-03-04 16:44:57,013 INFO __main__: [90/284] Themes for 01KJV4D04E2B7T3FE86HZTW793: ['reasoning', 'reasoning_and_planning', 'computer_use_agents', 'autonomous_agents', 'retrieval_augmented_generation', 'memory_and_context']
2026-03-04 16:45:25,322 INFO __main__: [91/284] Themes for 01KJV4D5YXR99VW5J24NP6VPEV: ['reasoning', 'reasoning_and_planning', 'test_time_compute', 'reinforcement_learning', 'rlhf_and_reward_modeling', 'finetuning_and_distillation', 'safety_and_alignment', 'code_and_software']
2026-03-04 16:46:08,289 INFO __main__: [92/284] Themes for 01KJV4HRBK6JRFK1M5EVM7SWP9: ['value_functions', 'reinforcement_learning', 'rlhf_and_reward_modeling', 'test_time_compute', 'autonomous_agents', 'mcts_and_tree_search', 'safety_and_alignment', 'reasoning_and_planning']
2026-03-04 16:46:41,651 INFO __main__: [93/284] Themes for 01KJV4KX85J6NJAA4F3RAMSYRT: ['rlhf_and_reward_modeling', 'reinforcement_learning', 'value_functions', 'test_time_compute', 'reasoning', 'reasoning_and_planning', 'safety_and_alignment']
2026-03-04 16:47:07,326 INFO __main__: [94/284] Themes for 01KJV4M1H37QFTG0NF996MPAA3: ['test_time_compute', 'reinforcement_learning', 'reasoning', 'reasoning_and_planning', 'finetuning_and_distillation', 'reasoning_benchmarks', 'code_and_software', 'evaluation_and_benchmarks']
2026-03-04 16:47:46,227 INFO __main__: [95/284] Themes for 01KJV4QZ2D36W4SHVYMB30SQEQ: ['video_and_physics_models', 'multimodality', 'audio_and_music', 'creative_generation', 'image_generation']
2026-03-04 16:48:17,138 INFO __main__: [96/284] Themes for 01KJV4T8S3Z42W7X5WDZ4VHT1R: ['reasoning', 'reasoning_and_planning', 'reasoning_benchmarks', 'evaluation_and_benchmarks', 'test_time_compute', 'benchmark_saturation', 'reinforcement_learning']
2026-03-04 16:48:51,558 INFO __main__: [97/284] Themes for 01KJV4TENFJVB1SFDHWQ7S13DB: ['rlhf_and_reward_modeling', 'test_time_compute', 'reinforcement_learning', 'safety_and_alignment']
2026-03-04 16:49:23,182 INFO __main__: [98/284] Themes for 01KJV4YYANBM1GBBMZN5JZ41KC: ['test_time_compute', 'reinforcement_learning', 'rlhf_and_reward_modeling', 'test_time_learning', 'learning_dynamics', 'reasoning', 'safety_and_alignment', 'reasoning_and_planning']
2026-03-04 16:49:57,266 INFO __main__: [99/284] Themes for 01KJV50FH1MQXMHQ5PN1HY1V5H: ['reasoning', 'reasoning_and_planning', 'rlhf_and_reward_modeling', 'reinforcement_learning', 'self_play_and_expert_iteration', 'finetuning_and_distillation', 'safety_and_alignment', 'code_and_software']
2026-03-04 16:50:41,513 INFO __main__: [100/284] Themes for 01KJV50MCDN3MJA7NSEB9CDW07: ['reinforcement_learning', 'test_time_compute', 'rlhf_and_reward_modeling', 'reasoning_benchmarks', 'evaluation_and_benchmarks', 'long_context', 'safety_and_alignment', 'memory_and_context']
2026-03-04 16:51:10,850 INFO __main__: [101/284] Themes for 01KJV54RZQPDJQRT35JX596THH: ['retrieval_augmented_generation', 'memory_and_context', 'personal_assistants', 'autonomous_agents']
2026-03-04 16:51:45,235 INFO __main__: [102/284] Themes for 01KJV56ZJP3YQ2YAG3JP5SXGQ9: ['finetuning_and_distillation', 'code_and_software', 'test_time_compute', 'reinforcement_learning', 'adaptive_computation', 'architectural_innovation']
2026-03-04 16:52:23,220 INFO __main__: [103/284] Themes for 01KJV56Z979BYNF24090F4GS3V: ['retrieval_augmented_generation', 'memory_and_context', 'neuroscience_intersection', 'architectural_innovation', 'continual_learning', 'learning_dynamics']
2026-03-04 16:52:53,620 INFO __main__: [104/284] Themes for 01KJV5B2QGE5H6X8PHDC4VKPV5: ['retrieval_augmented_generation', 'memory_and_context', 'reasoning', 'reasoning_and_planning', 'test_time_compute', 'reinforcement_learning']
2026-03-04 16:53:34,041 INFO __main__: [105/284] Themes for 01KJV5D2Z7MBVHR0KNHYB9AWNN: ['mcts_and_tree_search', 'reasoning_and_planning', 'mathematics_and_proofs', 'self_play_and_expert_iteration', 'reinforcement_learning', 'synthetic_data_generation', 'scientific_discovery', 'learning_dynamics']
2026-03-04 16:54:06,744 INFO __main__: [106/284] Themes for 01KJV5E1EBTAMS77SPACEPGAMJ: ['reasoning_benchmarks', 'evaluation_and_benchmarks', 'program_synthesis', 'reasoning_and_planning', 'test_time_learning', 'learning_dynamics', 'code_and_software']
2026-03-04 16:54:37,572 INFO __main__: [107/284] Themes for 01KJV5GK45PQ35EM1MKMTW3S3D: ['video_and_physics_models', 'world_models', 'sim_to_real', 'robotics', 'model_based_rl', 'training_infrastructure', 'multimodality', 'compute_and_hardware']
2026-03-04 16:55:04,410 INFO __main__: [108/284] Themes for 01KJV5HWSHN2WAY8MNS8DJ7GGR: ['test_time_learning', 'learning_dynamics', 'transformer_alternatives', 'architectural_innovation', 'long_context', 'memory_and_context']
2026-03-04 16:55:25,065 INFO __main__: [109/284] Themes for 01KJV5MK13QFXGWZX2B14E1256: ['test_time_compute', 'reinforcement_learning', 'scaling_laws', 'learning_dynamics', 'software_agents', 'code_and_software']
2026-03-04 16:55:59,197 INFO __main__: [110/284] Themes for 01KJV5S7TQ43GW6XHHXNQ6EFCD: ['adaptive_computation', 'architectural_innovation', 'training_infrastructure', 'compute_and_hardware', 'model_commoditisation', 'ai_economics']
2026-03-04 16:56:29,223 INFO __main__: [111/284] Themes for 01KJV5SBG07KYAVYZW3MP8Q5PK: ['vision_language_models', 'multimodality', 'image_generation', 'creative_generation', 'transformer_alternatives', 'architectural_innovation']
2026-03-04 16:57:34,951 INFO __main__: [112/284] Themes for 01KJV5VMCP73BDWGE27RDDZF82: ['safety_and_alignment', 'rlhf_and_reward_modeling', 'reasoning', 'reasoning_and_planning', 'deception_and_corrigibility', 'robustness_and_reliability']
2026-03-04 16:58:46,796 INFO __main__: [113/284] Themes for 01KJV5Z0M13PSHR7W5AF96FMPP: ['test_time_compute', 'reinforcement_learning', 'finetuning_and_distillation', 'rlhf_and_reward_modeling', 'code_and_software', 'scaling_laws', 'safety_and_alignment', 'learning_dynamics']
2026-03-04 16:59:29,519 INFO __main__: [114/284] Themes for 01KJV5Z47180HNS6GWHJ322R11: ['test_time_compute', 'reinforcement_learning', 'reasoning', 'reasoning_and_planning', 'rlhf_and_reward_modeling', 'self_play_and_expert_iteration', 'safety_and_alignment']
2026-03-04 16:59:55,669 INFO __main__: [115/284] Themes for 01KJV61P523MA947YC2AG7ZZ2Y: ['representation_learning', 'architectural_innovation', 'transformer_alternatives', 'multilingual_and_translation', 'language_and_communication', 'scaling_laws', 'learning_dynamics']
2026-03-04 17:00:22,635 INFO __main__: [116/284] Themes for 01KJV64ZDFQ7S86XPVP6FNANGM: ['transformer_alternatives', 'architectural_innovation', 'adaptive_computation', 'scaling_laws', 'learning_dynamics', 'inference_efficiency', 'compute_and_hardware']
2026-03-04 17:00:52,922 INFO __main__: [117/284] Themes for 01KJV65FZDWMAWMC6AV3HP5XFS: ['reasoning', 'reasoning_and_planning', 'mcts_and_tree_search', 'representation_learning', 'architectural_innovation']
2026-03-04 17:01:27,964 INFO __main__: [118/284] Themes for 01KJV68FPFQGPKRY2YQEF12W1Z: ['inference_efficiency', 'compute_and_hardware', 'model_commoditisation', 'ai_economics']
2026-03-04 17:01:58,841 INFO __main__: [119/284] Themes for 01KJV6C0D1QTS98FMWFF8MZ02H: ['program_synthesis', 'reasoning_and_planning', 'reasoning_benchmarks', 'evaluation_and_benchmarks', 'synthetic_data_generation', 'learning_dynamics', 'code_and_software']
2026-03-04 17:02:29,113 INFO __main__: [120/284] Themes for 01KJV6C78WQY03ZNVYQNK4HSNJ: ['test_time_compute', 'reinforcement_learning', 'mcts_and_tree_search', 'reasoning_and_planning', 'software_agents', 'code_and_software']
2026-03-04 17:03:01,595 INFO __main__: [121/284] Themes for 01KJV6G030GM66QCNBBZCETGSN: ['vision_language_models', 'multimodality', 'reasoning', 'reasoning_and_planning', 'test_time_compute', 'reinforcement_learning']
2026-03-04 17:03:31,955 INFO __main__: [122/284] Themes for 01KJV6J7A4PJ91RSCRYNM08706: ['mcts_and_tree_search', 'reasoning_and_planning', 'reasoning', 'test_time_compute', 'reinforcement_learning', 'rlhf_and_reward_modeling', 'safety_and_alignment']
2026-03-04 17:04:07,087 INFO __main__: [123/284] Themes for 01KJV6JNEC6GFA7ADGS68H01C6: ['finetuning_and_distillation', 'reasoning', 'code_and_software', 'reasoning_and_planning', 'hallucination_and_calibration', 'robustness_and_reliability']
2026-03-04 17:04:33,482 INFO __main__: [124/284] Themes for 01KJV6PJWCZR91CR34XBKX2QC3: ['finetuning_and_distillation', 'code_and_software', 'rlhf_and_reward_modeling', 'reinforcement_learning', 'synthetic_data_generation', 'evaluation_and_benchmarks', 'safety_and_alignment', 'learning_dynamics']
2026-03-04 17:05:00,366 INFO __main__: [125/284] Themes for 01KJV6RRM0P2ZKE7JH4GXYJTWQ: ['transformer_alternatives', 'architectural_innovation', 'inference_efficiency', 'compute_and_hardware', 'scaling_laws', 'learning_dynamics']
2026-03-04 17:05:26,266 INFO __main__: [126/284] Themes for 01KJV6RXXKMVXC5S8G3B55E8Y3: ['transformer_alternatives', 'architectural_innovation', 'inference_efficiency', 'compute_and_hardware', 'long_context', 'memory_and_context']
2026-03-04 17:05:54,042 INFO __main__: [127/284] Themes for 01KJV6X74JDVGQFRCVXY0381BG: ['vision_language_models', 'multimodality', 'image_generation', 'representation_learning', 'architectural_innovation', 'creative_generation']
2026-03-04 17:06:24,505 INFO __main__: [128/284] Themes for 01KJV6YYQP486TG5V2MHN93FJ1: ['retrieval_augmented_generation', 'memory_and_context', 'representation_learning', 'architectural_innovation']
2026-03-04 17:06:49,914 INFO __main__: [129/284] Themes for 01KJV6ZWE5FB28K6MXQ6G4S161: ['image_generation', 'creative_generation', 'transformer_alternatives', 'architectural_innovation', 'representation_learning']
2026-03-04 17:07:14,758 INFO __main__: [130/284] Themes for 01KJV749E6WKMFMYWCX4C8G0XN: ['transformer_alternatives', 'architectural_innovation', 'scaling_laws', 'learning_dynamics', 'vision_language_models', 'multimodality']
2026-03-04 17:07:42,494 INFO __main__: [131/284] Themes for 01KJV75D184XZYHHEGQC0R3Z9X: ['reasoning', 'reasoning_and_planning', 'mcts_and_tree_search', 'world_models', 'rlhf_and_reward_modeling', 'reinforcement_learning', 'safety_and_alignment']
2026-03-04 17:08:09,922 INFO __main__: [132/284] Themes for 01KJV75HGRX7X4V2Y5C4QMP3PR: ['retrieval_augmented_generation', 'memory_and_context', 'long_context', 'hallucination_and_calibration', 'robustness_and_reliability', 'reasoning', 'reasoning_and_planning']
2026-03-04 17:08:52,026 INFO __main__: [133/284] Themes for 01KJV79X7AQ5A1HM6FJ7H94JEY: ['video_and_physics_models', 'creative_generation', 'audio_and_music', 'multimodality', 'image_generation', 'training_infrastructure', 'compute_and_hardware']
2026-03-04 17:09:19,198 INFO __main__: [134/284] Themes for 01KJV7CCFG6EWQVMGT0J196AVQ: ['vision_language_models', 'multimodality', 'image_generation', 'creative_generation', 'representation_learning', 'architectural_innovation']
2026-03-04 17:09:52,751 INFO __main__: [135/284] Themes for 01KJV7DD3SM8YFQ5FA54VAY8AJ: ['manipulation_and_locomotion', 'robotics', 'vision_language_models', 'multimodality', 'representation_learning', 'architectural_innovation']
2026-03-04 17:10:24,443 INFO __main__: [136/284] Themes for 01KJV7N48DXDR5PVV35ZAP2N82: ['reasoning', 'reasoning_and_planning', 'rlhf_and_reward_modeling', 'reinforcement_learning', 'test_time_compute', 'dialogue_and_assistants', 'safety_and_alignment', 'language_and_communication']
2026-03-04 17:11:00,588 INFO __main__: [137/284] Themes for 01KJV7NM6AWC5CXT3SRS8DRN77: ['rlhf_and_reward_modeling', 'reinforcement_learning', 'test_time_compute', 'reasoning', 'reasoning_and_planning', 'safety_and_alignment']
2026-03-04 17:11:30,314 INFO __main__: [138/284] Themes for 01KJV7PXBQFTHEVGHDCGE868Q0: ['computer_use_agents', 'autonomous_agents', 'hierarchical_planning', 'reasoning_and_planning', 'vision_language_models', 'multimodality']
2026-03-04 17:11:59,109 INFO __main__: [139/284] Themes for 01KJV7TRY28HAYF81PCXPPZCAW: ['vision_language_models', 'multimodality', 'long_context', 'memory_and_context', 'evaluation_and_benchmarks', 'architectural_innovation']
2026-03-04 17:12:35,388 INFO __main__: [140/284] Themes for 01KJV7V9DKPNV4479NX1BZSD1S: ['representation_learning', 'architectural_innovation', 'data', 'learning_dynamics', 'neuroscience_intersection', 'scaling_laws']
2026-03-04 17:12:59,111 INFO __main__: [141/284] Themes for 01KJV7XNNNZZKZQZ5ZYP58GQ2V: ['transformer_alternatives', 'architectural_innovation', 'long_context', 'memory_and_context', 'hallucination_and_calibration', 'in_context_learning', 'robustness_and_reliability', 'learning_dynamics']
2026-03-04 17:13:20,286 INFO __main__: [142/284] Themes for 01KJV8271TDJ2R7E09R133E9V0: ['medical_ai', 'scientific_discovery', 'retrieval_augmented_generation', 'memory_and_context', 'neurosymbolic_hybrid', 'reasoning', 'architectural_innovation', 'reasoning_and_planning']
2026-03-04 17:13:57,713 INFO __main__: [143/284] Themes for 01KJV83GN1RMMXTNYQWH3W34F5: ['reinforcement_learning', 'rlhf_and_reward_modeling', 'self_play_and_expert_iteration', 'test_time_compute', 'reasoning_and_planning', 'reasoning', 'safety_and_alignment']
2026-03-04 17:14:22,138 INFO __main__: [144/284] Themes for 01KJV84KVSHNA6GM9MPCTDT8Q5: ['rlhf_and_reward_modeling', 'reinforcement_learning', 'value_functions', 'reasoning', 'reasoning_and_planning', 'test_time_compute', 'safety_and_alignment']
2026-03-04 17:14:49,289 INFO __main__: [145/284] Themes for 01KJV8790RPPM2TQYQAXJ37F8K: ['rlhf_and_reward_modeling', 'safety_and_alignment', 'reinforcement_learning', 'synthetic_data_generation', 'self_play_and_expert_iteration', 'learning_dynamics']
2026-03-04 17:15:15,775 INFO __main__: [146/284] Themes for 01KJV89Q4XJ3GHGFF55XY78V0D: ['audio_and_music', 'creative_generation', 'dialogue_and_assistants', 'language_and_communication', 'multimodality']
2026-03-04 17:15:46,278 INFO __main__: [147/284] Themes for 01KJV8BD2M08NZNP5XVEDCJ3KC: ['retrieval_augmented_generation', 'memory_and_context', 'neurosymbolic_hybrid', 'architectural_innovation', 'reasoning', 'reasoning_and_planning']
2026-03-04 17:16:21,720 INFO __main__: [148/284] Themes for 01KJV8DVH3CJGCY00XAEE8YT2P: ['reasoning', 'reasoning_and_planning', 'reasoning_benchmarks', 'evaluation_and_benchmarks', 'in_context_learning', 'learning_dynamics']
2026-03-04 17:16:51,013 INFO __main__: [149/284] Themes for 01KJV8HGEPZYBJ5JXYBKCNJR3W: ['computer_use_agents', 'autonomous_agents', 'memory_and_context', 'continual_learning', 'learning_dynamics', 'in_context_learning']
2026-03-04 17:17:11,631 INFO __main__: [150/284] Themes for 01KJV8JK292KN8R7YPV9Y8P533: ['manipulation_and_locomotion', 'robotics', 'vision_language_models', 'multimodality', 'finetuning_and_distillation', 'code_and_software']
2026-03-04 17:17:46,066 INFO __main__: [151/284] Themes for 01KJV8MTT26XS883PR5T1B9DDN: ['rlhf_and_reward_modeling', 'reinforcement_learning', 'synthetic_data_generation', 'learning_dynamics', 'self_play_and_expert_iteration', 'safety_and_alignment']
2026-03-04 17:18:25,066 INFO __main__: [152/284] Themes for 01KJV8RNT6FBW0VTJM3BEEZ7J9: ['scientific_discovery', 'autonomous_agents', 'software_agents', 'code_and_software', 'reasoning', 'reasoning_and_planning']
2026-03-04 17:18:45,598 INFO __main__: [153/284] Themes for 01KJV8TCC8ZC7V7N7J8K8CYWTX: ['video_and_physics_models', 'world_models', 'model_based_rl', 'image_generation', 'creative_generation', 'self_play_and_expert_iteration', 'multimodality', 'reinforcement_learning']
2026-03-04 17:19:09,355 INFO __main__: [154/284] Themes for 01KJV8WEM4N2QDRN4NSWYE8XX1: ['finetuning_and_distillation', 'code_and_software', 'inference_efficiency', 'compute_and_hardware', 'scaling_laws', 'learning_dynamics']
2026-03-04 17:19:36,944 INFO __main__: [155/284] Themes for 01KJV8YY98H1JVRFWY0MPHRY2F: ['rlhf_and_reward_modeling', 'reinforcement_learning', 'test_time_compute', 'reasoning', 'reasoning_and_planning', 'safety_and_alignment']
2026-03-04 17:19:58,140 INFO __main__: [156/284] Themes for 01KJV8ZDJ2H3FJFSRW52DE18X7: ['test_time_compute', 'reinforcement_learning', 'rlhf_and_reward_modeling', 'reasoning', 'reasoning_and_planning', 'scaling_laws', 'safety_and_alignment', 'learning_dynamics']
2026-03-04 17:20:30,001 INFO __main__: [157/284] Themes for 01KJV91QH9A42EGDHZ3V7XGAMN: ['representation_learning', 'architectural_innovation', 'vision_language_models', 'multimodality', 'scaling_laws', 'learning_dynamics']
2026-03-04 17:20:50,756 INFO __main__: [158/284] Themes for 01KJV943BVJCEEEKHF27A2CWP1: ['reasoning', 'reasoning_and_planning', 'test_time_compute', 'reinforcement_learning', 'mcts_and_tree_search', 'value_functions']
2026-03-04 17:21:20,830 INFO __main__: [159/284] Themes for 01KJVHW24FPVBK88X2RSRAMY6V: ['test_time_compute', 'reinforcement_learning', 'reasoning', 'reasoning_and_planning', 'self_play_and_expert_iteration', 'reasoning_benchmarks', 'evaluation_and_benchmarks']
2026-03-04 17:22:19,392 INFO __main__: [160/284] Themes for 01KJVHWJNMSKRJGJF4T97SY0Y4: ['reasoning', 'reasoning_and_planning', 'test_time_learning', 'learning_dynamics', 'reasoning_benchmarks', 'evaluation_and_benchmarks']
2026-03-04 17:22:48,604 INFO __main__: [161/284] Themes for 01KJVHZDJPDF3HWHB7Q6Y3J5NP: ['test_time_compute', 'reinforcement_learning', 'rlhf_and_reward_modeling', 'scaling_laws', 'mcts_and_tree_search', 'reasoning_and_planning', 'safety_and_alignment', 'learning_dynamics']
2026-03-04 17:23:19,572 INFO __main__: [162/284] Themes for 01KJVJ4E397Z94YQ9BK8ECKS3K: ['reasoning', 'reasoning_and_planning', 'test_time_compute', 'reinforcement_learning', 'in_context_learning', 'scaling_laws', 'learning_dynamics']
2026-03-04 17:23:49,800 INFO __main__: [163/284] Themes for 01KJVJ4GHWQJ4E9T3EKKD6DZAG: ['test_time_compute', 'reinforcement_learning', 'scaling_laws', 'learning_dynamics', 'saas_disruption', 'ai_economics']
2026-03-04 17:24:10,028 INFO __main__: [164/284] Themes for 01KJVJ6D0CCF5T2WR30GJ4N3ZC: ['reasoning_benchmarks', 'evaluation_and_benchmarks', 'mathematics_and_proofs', 'scientific_discovery', 'benchmark_saturation', 'training_infrastructure', 'compute_and_hardware']
2026-03-04 17:24:43,587 INFO __main__: [165/284] Themes for 01KJVJA8X4HWSWGQNWXFFH9NAA: ['test_time_compute', 'reasoning_and_planning', 'reasoning', 'saas_disruption', 'ai_economics', 'reinforcement_learning']
2026-03-04 17:25:24,186 INFO __main__: [166/284] Themes for 01KJVJDB5G5CT52AENVJGX06SP: ['rlhf_and_reward_modeling', 'reinforcement_learning', 'finetuning_and_distillation', 'code_and_software', 'protein_and_biology', 'scientific_discovery', 'safety_and_alignment']
2026-03-04 17:25:59,326 INFO __main__: [167/284] Themes for 01KJVJEW3EF9XQHV71AYF16DM2: ['model_commoditisation', 'ai_economics', 'rlhf_and_reward_modeling', 'reinforcement_learning', 'learning_dynamics', 'safety_and_alignment']
2026-03-04 17:26:28,677 INFO __main__: [168/284] Themes for 01KJVJGNCYG2K9CQ7QV0ZDJSJR: ['mechanistic_interpretability', 'interpretability', 'safety_and_alignment', 'personal_assistants', 'autonomous_agents']
2026-03-04 17:26:49,262 INFO __main__: [169/284] Themes for 01KJVJJDA3WN8TM1Z8YHBJ9PJQ: ['autonomous_agents', 'multi_agent_systems', 'scaling_laws', 'learning_dynamics', 'robustness_and_reliability', 'reasoning_and_planning']
2026-03-04 17:27:23,940 INFO __main__: [170/284] Themes for 01KJVJPTJY48JVQAX88MX39NQS: ['retrieval_augmented_generation', 'memory_and_context', 'test_time_compute', 'reinforcement_learning', 'reasoning', 'reasoning_and_planning']
2026-03-04 17:27:54,931 INFO __main__: [171/284] Themes for 01KJVJSX48VT7YXSTKZWDHE8PK: ['benchmark_saturation', 'evaluation_and_benchmarks', 'multi_agent_systems', 'autonomous_agents', 'reasoning', 'interpretability', 'reasoning_and_planning']
2026-03-04 17:28:23,047 INFO __main__: [172/284] Themes for 01KJVJSXB77C96F4QVMJ33JV6Y: ['software_agents', 'code_and_software', 'computer_use_agents', 'autonomous_agents', 'saas_disruption', 'ai_economics']
2026-03-04 17:28:57,347 INFO __main__: [173/284] Themes for 01KJVJY5T807HD28DPP1BPKRQY: ['memory_and_context', 'long_context', 'autonomous_agents', 'software_agents', 'code_and_software', 'multi_agent_systems']
2026-03-04 17:29:29,600 INFO __main__: [174/284] Themes for 01KJVK1H1AAMMZ39G04CH7AJRV: ['retrieval_augmented_generation', 'memory_and_context', 'software_agents', 'code_and_software', 'multi_agent_systems', 'autonomous_agents']
2026-03-04 17:30:01,724 INFO __main__: [175/284] Themes for 01KJVK34BDBNGATEJ1ATCY05MC: ['software_agents', 'code_and_software', 'autonomous_agents']
2026-03-04 17:30:22,763 INFO __main__: [176/284] Themes for 01KJVK5SZYSF6XQBZ8SP0HTAT1: ['software_agents', 'code_and_software', 'personal_assistants', 'autonomous_agents']
2026-03-04 17:30:56,145 INFO __main__: [177/284] Themes for 01KJVK9P0TD59FFK4CTS15KV0T: ['evaluation_and_benchmarks', 'software_agents', 'code_and_software', 'autonomous_agents', 'saas_disruption', 'ai_economics']
2026-03-04 17:31:27,799 INFO __main__: [178/284] Themes for 01KJVKAKDJCQKZ7MT9P788V9NE: ['saas_disruption', 'ai_economics', 'software_agents', 'code_and_software']
2026-03-04 17:31:53,648 INFO __main__: [179/284] Themes for 01KJVKC8GKRBRF3DBE1JEBGXQS: ['hallucination_and_calibration', 'robustness_and_reliability', 'evaluation_and_benchmarks', 'retrieval_augmented_generation', 'memory_and_context', 'saas_disruption', 'ai_economics']
2026-03-04 17:32:25,662 INFO __main__: [180/284] Themes for 01KJVKF0RR0DNTM8BYJ411JGK1: ['computer_use_agents', 'autonomous_agents', 'software_agents', 'code_and_software', 'retrieval_augmented_generation', 'memory_and_context']
2026-03-04 17:32:47,290 INFO __main__: [181/284] Themes for 01KJVKFYWVJ3JBJ3MHQKZJJRPS: ['computer_use_agents', 'autonomous_agents', 'software_agents', 'code_and_software', 'multi_agent_systems']
2026-03-04 17:33:11,317 INFO __main__: [182/284] Themes for 01KJVKHVK6RSDJS4XSS9WY9Y9T: ['computer_use_agents', 'autonomous_agents', 'personal_assistants', 'saas_disruption', 'ai_economics']
2026-03-04 17:33:40,718 INFO __main__: [183/284] Themes for 01KJVKPGFREJR1GT05ZV2ZS5AQ: ['rlhf_and_reward_modeling', 'reinforcement_learning', 'synthetic_data_generation', 'learning_dynamics', 'data', 'safety_and_alignment']
2026-03-04 17:34:08,883 INFO __main__: [184/284] Themes for 01KJVKQCHAW52432VG8DSK3X0Q: ['retrieval_augmented_generation', 'memory_and_context', 'hallucination_and_calibration', 'robustness_and_reliability', 'multi_agent_systems', 'autonomous_agents']
2026-03-04 17:34:39,586 INFO __main__: [185/284] Themes for 01KJVKT2TVK6WMW0WAEW1GQAD8: ['transformer_alternatives', 'architectural_innovation', 'inference_efficiency', 'compute_and_hardware', 'long_context', 'memory_and_context']
2026-03-04 17:35:18,742 INFO __main__: [186/284] Themes for 01KJVKZAT6SM5YTWQTNMC27MHW: ['transformer_alternatives', 'architectural_innovation', 'continual_learning', 'learning_dynamics', 'personal_assistants', 'autonomous_agents']
2026-03-04 17:35:44,372 INFO __main__: [187/284] Themes for 01KJVKZER837YESWDFX2YYQNH3: ['transformer_alternatives', 'architectural_innovation', 'test_time_learning', 'learning_dynamics', 'adaptive_computation', 'inference_efficiency', 'compute_and_hardware']
2026-03-04 17:36:11,258 INFO __main__: [188/284] Themes for 01KJVM69GCN7QYSPPE2KFMZ0Y5: ['transformer_alternatives', 'architectural_innovation', 'test_time_learning', 'learning_dynamics', 'in_context_learning']
2026-03-04 17:36:41,140 INFO __main__: [189/284] Themes for 01KJVM8AVMZ6CM9DZQVTYH4B3J: ['transformer_alternatives', 'architectural_innovation', 'long_context', 'memory_and_context', 'adaptive_computation']
2026-03-04 17:37:13,562 INFO __main__: [190/284] Themes for 01KJVMA9D5RWMZX4M4V63DP5Q5: ['reasoning_benchmarks', 'evaluation_and_benchmarks', 'benchmark_saturation', 'reasoning', 'reasoning_and_planning', 'jagged_intelligence', 'robustness_and_reliability']
2026-03-04 17:37:38,189 INFO __main__: [191/284] Themes for 01KJVMD0J9EW432H5ZNYV7CRA9: ['mathematics_and_proofs', 'scientific_discovery', 'neurosymbolic_hybrid', 'architectural_innovation', 'reasoning', 'reasoning_and_planning']
2026-03-04 17:38:06,536 INFO __main__: [192/284] Themes for 01KJVMEPM5HBXF8TY2HZMMX64W: ['world_models', 'video_and_physics_models', 'model_based_rl', 'sim_to_real', 'robotics', 'multi_agent_systems', 'multimodality', 'autonomous_agents']
2026-03-04 17:38:31,596 INFO __main__: [193/284] Themes for 01KJVMH7JFEX2PR1P5D2C80B55: ['video_and_physics_models', 'world_models', 'model_based_rl', 'image_generation', 'creative_generation', 'scaling_laws', 'multimodality', 'learning_dynamics']
2026-03-04 17:39:04,916 INFO __main__: [194/284] Themes for 01KJVMK38DSVMQMZP6B1W5XF0W: ['multimodality', 'vision_language_models', 'representation_learning', 'architectural_innovation', 'scaling_laws', 'learning_dynamics']
2026-03-04 17:39:34,169 INFO __main__: [195/284] Themes for 01KJVMPA780CXJ7HK9S3E6C4M9: ['video_and_physics_models', 'world_models', 'model_based_rl', 'creative_generation', 'multimodality']
2026-03-04 17:39:58,056 INFO __main__: [196/284] Themes for 01KJVMRSX6RXBV8Q5KBJRNEADS: ['video_and_physics_models', 'world_models', 'multimodality', 'creative_generation', 'video_understanding']
2026-03-04 17:40:22,694 INFO __main__: [197/284] Themes for 01KJVMT46QJC8EK7GWXSHVGBX6: ['video_and_physics_models', 'world_models', 'multimodality', 'scaling_laws', 'learning_dynamics', 'image_generation', 'creative_generation']
2026-03-04 17:40:58,290 INFO __main__: [198/284] Themes for 01KJVMXKY98CW1V2AG8P285G44: ['video_and_physics_models', 'world_models', 'multimodality', 'creative_generation', 'vision_language_models']
2026-03-04 17:41:28,407 INFO __main__: [199/284] Themes for 01KJVMZ5JN297P9C62F7TWE66Q: ['robotics', 'manipulation_and_locomotion', 'sim_to_real', 'reinforcement_learning', 'rlhf_and_reward_modeling', 'embodied_grounding', 'safety_and_alignment', 'world_models']
2026-03-04 17:41:46,474 WARNING ingest.theme_classifier: Failed to parse theme classification output
2026-03-04 17:41:46,479 INFO ingest.theme_classifier: Low theme coverage (max relevance=0.00) for 01KJVN12YGX8RAPPKMD78XE889 \u2014 proposing new theme
2026-03-04 17:42:03,960 INFO __main__: [200/284] Themes for 01KJVN12YGX8RAPPKMD78XE889: []
2026-03-04 17:42:59,142 WARNING ingest.theme_classifier: Failed to parse theme classification output
2026-03-04 17:42:59,149 INFO ingest.theme_classifier: Low theme coverage (max relevance=0.00) for 01KJVN4FS2EA7BM05Z5B83QCMA \u2014 proposing new theme
2026-03-04 17:43:16,212 INFO __main__: [201/284] Themes for 01KJVN4FS2EA7BM05Z5B83QCMA: []
2026-03-04 17:43:34,048 WARNING ingest.theme_classifier: Failed to parse theme classification output
2026-03-04 17:43:34,053 INFO ingest.theme_classifier: Low theme coverage (max relevance=0.00) for 01KJVN5D5FZYEA7BXYF1ENXXNX \u2014 proposing new theme
2026-03-04 17:43:52,094 INFO __main__: [202/284] Themes for 01KJVN5D5FZYEA7BXYF1ENXXNX: []
2026-03-04 17:45:00,807 WARNING ingest.theme_classifier: Failed to parse theme classification output
2026-03-04 17:45:00,813 INFO ingest.theme_classifier: Low theme coverage (max relevance=0.00) for 01KJVN834BRJ47M2W24SZBNBQG \u2014 proposing new theme
2026-03-04 17:45:21,032 INFO __main__: [203/284] Themes for 01KJVN834BRJ47M2W24SZBNBQG: []
2026-03-04 17:45:42,586 WARNING ingest.theme_classifier: Failed to parse theme classification output
2026-03-04 17:45:42,592 INFO ingest.theme_classifier: Low theme coverage (max relevance=0.00) for 01KJVN9ZJX206MA7GP8WJWM6DT \u2014 proposing new theme
2026-03-04 17:45:59,686 INFO __main__: [204/284] Themes for 01KJVN9ZJX206MA7GP8WJWM6DT: []
2026-03-04 17:46:25,105 WARNING ingest.theme_classifier: Failed to parse theme classification output
2026-03-04 17:46:25,115 INFO ingest.theme_classifier: Low theme coverage (max relevance=0.00) for 01KJVNDJDQGM250BPX1Y2V8GBE \u2014 proposing new theme
2026-03-04 17:46:52,851 INFO __main__: [205/284] Themes for 01KJVNDJDQGM250BPX1Y2V8GBE: []
2026-03-04 17:47:16,796 WARNING ingest.theme_classifier: Failed to parse theme classification output
2026-03-04 17:47:16,809 INFO ingest.theme_classifier: Low theme coverage (max relevance=0.00) for 01KJVNEG9Q5ACG8Q4DVQCMHBBT \u2014 proposing new theme
2026-03-04 17:47:36,035 INFO __main__: [206/284] Themes for 01KJVNEG9Q5ACG8Q4DVQCMHBBT: []
2026-03-04 17:47:56,932 WARNING ingest.theme_classifier: Failed to parse theme classification output
2026-03-04 17:47:56,940 INFO ingest.theme_classifier: Low theme coverage (max relevance=0.00) for 01KJVNGK3MFKFSRWK2N5DNGGN7 \u2014 proposing new theme
2026-03-04 17:48:23,833 INFO __main__: [207/284] Themes for 01KJVNGK3MFKFSRWK2N5DNGGN7: []
2026-03-04 17:48:59,484 WARNING ingest.theme_classifier: Failed to parse theme classification output
2026-03-04 17:48:59,491 INFO ingest.theme_classifier: Low theme coverage (max relevance=0.00) for 01KJVNKY66M18A2Y58E504SN56 \u2014 proposing new theme
2026-03-04 17:49:25,495 INFO __main__: [208/284] Themes for 01KJVNKY66M18A2Y58E504SN56: []
2026-03-04 17:49:46,099 WARNING ingest.theme_classifier: Failed to parse theme classification output
2026-03-04 17:49:46,108 INFO ingest.theme_classifier: Low theme coverage (max relevance=0.00) for 01KJVNQMNSTW6KEZ69N6GDMX73 \u2014 proposing new theme
2026-03-04 17:50:24,863 INFO __main__: [209/284] Themes for 01KJVNQMNSTW6KEZ69N6GDMX73: []
2026-03-04 17:50:55,490 WARNING ingest.theme_classifier: Failed to parse theme classification output
2026-03-04 17:50:55,503 INFO ingest.theme_classifier: Low theme coverage (max relevance=0.00) for 01KJVNQNBDEW0S74TBEHBM8K6Z \u2014 proposing new theme
2026-03-04 17:51:11,299 INFO __main__: [210/284] Themes for 01KJVNQNBDEW0S74TBEHBM8K6Z: []
2026-03-04 17:51:28,248 WARNING ingest.theme_classifier: Failed to parse theme classification output
2026-03-04 17:51:28,253 INFO ingest.theme_classifier: Low theme coverage (max relevance=0.00) for 01KJVNVKAH2BZK8Y57QC5CAEFY \u2014 proposing new theme
2026-03-04 17:51:49,327 INFO __main__: [211/284] Themes for 01KJVNVKAH2BZK8Y57QC5CAEFY: []
2026-03-04 17:52:18,075 WARNING ingest.theme_classifier: Failed to parse theme classification output
2026-03-04 17:52:18,084 INFO ingest.theme_classifier: Low theme coverage (max relevance=0.00) for 01KJVNYSCTA98CR7E2Q1GR9FY1 \u2014 proposing new theme
2026-03-04 17:52:37,776 INFO __main__: [212/284] Themes for 01KJVNYSCTA98CR7E2Q1GR9FY1: []
2026-03-04 17:52:55,232 WARNING ingest.theme_classifier: Failed to parse theme classification output
2026-03-04 17:52:55,238 INFO ingest.theme_classifier: Low theme coverage (max relevance=0.00) for 01KJVP1SYGSWF8HX51C1RDP5TV \u2014 proposing new theme
2026-03-04 17:53:11,017 INFO __main__: [213/284] Themes for 01KJVP1SYGSWF8HX51C1RDP5TV: []
2026-03-04 17:53:31,397 WARNING ingest.theme_classifier: Failed to parse theme classification output
2026-03-04 17:53:31,403 INFO ingest.theme_classifier: Low theme coverage (max relevance=0.00) for 01KJVP2MKSVAYJF4F716NXXEA2 \u2014 proposing new theme
2026-03-04 17:53:58,258 INFO __main__: [214/284] Themes for 01KJVP2MKSVAYJF4F716NXXEA2: []
2026-03-04 17:54:20,770 WARNING ingest.theme_classifier: Failed to parse theme classification output
2026-03-04 17:54:20,782 INFO ingest.theme_classifier: Low theme coverage (max relevance=0.00) for 01KJVP51TK37X7T8GTJWH108QE \u2014 proposing new theme
2026-03-04 17:54:43,867 INFO __main__: [215/284] Themes for 01KJVP51TK37X7T8GTJWH108QE: []
2026-03-04 17:55:04,926 WARNING ingest.theme_classifier: Failed to parse theme classification output
2026-03-04 17:55:04,932 INFO ingest.theme_classifier: Low theme coverage (max relevance=0.00) for 01KJVP843VKX3S3CDY4PP7SC8P \u2014 proposing new theme
2026-03-04 17:55:21,290 INFO __main__: [216/284] Themes for 01KJVP843VKX3S3CDY4PP7SC8P: []
2026-03-04 17:55:41,295 WARNING ingest.theme_classifier: Failed to parse theme classification output
2026-03-04 17:55:41,300 INFO ingest.theme_classifier: Low theme coverage (max relevance=0.00) for 01KJVP8YZR7DAPHXBV74Z84G17 \u2014 proposing new theme
2026-03-04 17:56:06,053 INFO __main__: [217/284] Themes for 01KJVP8YZR7DAPHXBV74Z84G17: []
2026-03-04 17:56:32,588 WARNING ingest.theme_classifier: Failed to parse theme classification output
2026-03-04 17:56:32,595 INFO ingest.theme_classifier: Low theme coverage (max relevance=0.00) for 01KJVPBFMA1P0Y4WPWTEYM707A \u2014 proposing new theme
2026-03-04 17:56:49,174 INFO __main__: [218/284] Themes for 01KJVPBFMA1P0Y4WPWTEYM707A: []
2026-03-04 17:57:08,682 WARNING ingest.theme_classifier: Failed to parse theme classification output
2026-03-04 17:57:08,689 INFO ingest.theme_classifier: Low theme coverage (max relevance=0.00) for 01KJVPCJJ3HSAX9K59QQ6ME56T \u2014 proposing new theme
2026-03-04 17:57:24,046 INFO __main__: [219/284] Themes for 01KJVPCJJ3HSAX9K59QQ6ME56T: []
2026-03-04 17:57:48,260 WARNING ingest.theme_classifier: Failed to parse theme classification output
2026-03-04 17:57:48,269 INFO ingest.theme_classifier: Low theme coverage (max relevance=0.00) for 01KJVPDX065987GMBNAMHGCYFZ \u2014 proposing new theme
2026-03-04 17:58:07,985 INFO __main__: [220/284] Themes for 01KJVPDX065987GMBNAMHGCYFZ: []
2026-03-04 17:58:27,502 WARNING ingest.theme_classifier: Failed to parse theme classification output
2026-03-04 17:58:27,508 INFO ingest.theme_classifier: Low theme coverage (max relevance=0.00) for 01KJVPHM2ZC1GG5ET8WDPBXKAB \u2014 proposing new theme
2026-03-04 17:58:45,236 INFO __main__: [221/284] Themes for 01KJVPHM2ZC1GG5ET8WDPBXKAB: []
2026-03-04 17:59:35,075 WARNING ingest.theme_classifier: Failed to parse theme classification output
2026-03-04 17:59:35,080 INFO ingest.theme_classifier: Low theme coverage (max relevance=0.00) for 01KJVPJFQDX5H7Q2R3XVYHPD4J \u2014 proposing new theme
2026-03-04 18:00:22,252 INFO __main__: [222/284] Themes for 01KJVPJFQDX5H7Q2R3XVYHPD4J: []
2026-03-04 18:01:15,576 WARNING ingest.theme_classifier: Failed to parse theme classification output
2026-03-04 18:01:15,581 INFO ingest.theme_classifier: Low theme coverage (max relevance=0.00) for 01KJVPKZA72T39K16J5QQDGDX7 \u2014 proposing new theme
2026-03-04 18:01:30,898 INFO __main__: [223/284] Themes for 01KJVPKZA72T39K16J5QQDGDX7: []
2026-03-04 18:01:50,409 WARNING ingest.theme_classifier: Failed to parse theme classification output
2026-03-04 18:01:50,414 INFO ingest.theme_classifier: Low theme coverage (max relevance=0.00) for 01KJVPQYT8FQG5P4E0Q2C5TQSB \u2014 proposing new theme
2026-03-04 18:02:13,190 INFO __main__: [224/284] Themes for 01KJVPQYT8FQG5P4E0Q2C5TQSB: []
2026-03-04 18:02:33,677 WARNING ingest.theme_classifier: Failed to parse theme classification output
2026-03-04 18:02:33,682 INFO ingest.theme_classifier: Low theme coverage (max relevance=0.00) for 01KJVPRWQ5YPWQ4PDFNY987WM9 \u2014 proposing new theme
2026-03-04 18:02:51,235 INFO __main__: [225/284] Themes for 01KJVPRWQ5YPWQ4PDFNY987WM9: []
2026-03-04 18:03:12,162 WARNING ingest.theme_classifier: Failed to parse theme classification output
2026-03-04 18:03:12,177 INFO ingest.theme_classifier: Low theme coverage (max relevance=0.00) for 01KJVPTVPNS5S5VVKCFRVJZ6FX \u2014 proposing new theme
2026-03-04 18:03:32,759 INFO __main__: [226/284] Themes for 01KJVPTVPNS5S5VVKCFRVJZ6FX: []
2026-03-04 18:03:52,130 WARNING ingest.theme_classifier: Failed to parse theme classification output
2026-03-04 18:03:52,137 INFO ingest.theme_classifier: Low theme coverage (max relevance=0.00) for 01KJVPY38SBSG0FEAEB39SQFCT \u2014 proposing new theme
2026-03-04 18:04:15,046 INFO __main__: [227/284] Themes for 01KJVPY38SBSG0FEAEB39SQFCT: []
2026-03-04 18:04:41,376 WARNING ingest.theme_classifier: Failed to parse theme classification output
2026-03-04 18:04:41,383 INFO ingest.theme_classifier: Low theme coverage (max relevance=0.00) for 01KJVQ18M2HDC3PBS3Q9HRBB63 \u2014 proposing new theme
2026-03-04 18:05:10,223 INFO __main__: [228/284] Themes for 01KJVQ18M2HDC3PBS3Q9HRBB63: []
2026-03-04 18:05:31,990 WARNING ingest.theme_classifier: Failed to parse theme classification output
2026-03-04 18:05:32,000 INFO ingest.theme_classifier: Low theme coverage (max relevance=0.00) for 01KJVQ21TQK67MFCA1T8FZJDVM \u2014 proposing new theme
2026-03-04 18:05:51,000 INFO __main__: [229/284] Themes for 01KJVQ21TQK67MFCA1T8FZJDVM: []
2026-03-04 18:06:21,146 WARNING ingest.theme_classifier: Failed to parse theme classification output
2026-03-04 18:06:21,155 INFO ingest.theme_classifier: Low theme coverage (max relevance=0.00) for 01KJVQ5NWGHF76T3NCYBH5MPQG \u2014 proposing new theme
2026-03-04 18:06:43,356 INFO __main__: [230/284] Themes for 01KJVQ5NWGHF76T3NCYBH5MPQG: []
2026-03-04 18:07:27,330 WARNING ingest.theme_classifier: Failed to parse theme classification output
2026-03-04 18:07:27,340 INFO ingest.theme_classifier: Low theme coverage (max relevance=0.00) for 01KJVQ7KAHS4EZYYEFFQR2Q2QR \u2014 proposing new theme
2026-03-04 18:08:17,253 INFO __main__: [231/284] Themes for 01KJVQ7KAHS4EZYYEFFQR2Q2QR: []
2026-03-04 18:09:05,048 WARNING ingest.theme_classifier: Failed to parse theme classification output
2026-03-04 18:09:05,054 INFO ingest.theme_classifier: Low theme coverage (max relevance=0.00) for 01KJVQ9TRDYXW6XS2EBHS2CGS7 \u2014 proposing new theme
2026-03-04 18:09:43,628 INFO __main__: [232/284] Themes for 01KJVQ9TRDYXW6XS2EBHS2CGS7: []
2026-03-04 18:10:00,165 WARNING ingest.theme_classifier: Failed to parse theme classification output
2026-03-04 18:10:00,171 INFO ingest.theme_classifier: Low theme coverage (max relevance=0.00) for 01KJVQJJJW99WMP59QQYXMSPHE \u2014 proposing new theme
2026-03-04 18:10:13,672 INFO __main__: [233/284] Themes for 01KJVQJJJW99WMP59QQYXMSPHE: []
2026-03-04 18:10:34,631 WARNING ingest.theme_classifier: Failed to parse theme classification output
2026-03-04 18:10:34,638 INFO ingest.theme_classifier: Low theme coverage (max relevance=0.00) for 01KJVQMXH7HB4FQMYEJDJYH7EK \u2014 proposing new theme
2026-03-04 18:10:52,100 INFO __main__: [234/284] Themes for 01KJVQMXH7HB4FQMYEJDJYH7EK: []
2026-03-04 18:11:11,103 WARNING ingest.theme_classifier: Failed to parse theme classification output
2026-03-04 18:11:11,109 INFO ingest.theme_classifier: Low theme coverage (max relevance=0.00) for 01KJVQNAG4GBVNYMZ9V8NC33D7 \u2014 proposing new theme
2026-03-04 18:11:24,903 INFO __main__: [235/284] Themes for 01KJVQNAG4GBVNYMZ9V8NC33D7: []
2026-03-04 18:11:42,143 WARNING ingest.theme_classifier: Failed to parse theme classification output
2026-03-04 18:11:42,150 INFO ingest.theme_classifier: Low theme coverage (max relevance=0.00) for 01KJVQSZ1KNXJ5BGYR89W6RCKN \u2014 proposing new theme
2026-03-04 18:12:15,482 INFO __main__: [236/284] Themes for 01KJVQSZ1KNXJ5BGYR89W6RCKN: []
2026-03-04 18:12:39,790 WARNING ingest.theme_classifier: Failed to parse theme classification output
2026-03-04 18:12:39,795 INFO ingest.theme_classifier: Low theme coverage (max relevance=0.00) for 01KJVQXAFNR5TX2XV9RJ4158NM \u2014 proposing new theme
2026-03-04 18:12:58,573 INFO __main__: [237/284] Themes for 01KJVQXAFNR5TX2XV9RJ4158NM: []
2026-03-04 18:13:17,573 WARNING ingest.theme_classifier: Failed to parse theme classification output
2026-03-04 18:13:17,579 INFO ingest.theme_classifier: Low theme coverage (max relevance=0.00) for 01KJVQZ7YX1N9TKVXRTVC768TN \u2014 proposing new theme
2026-03-04 18:13:34,420 INFO __main__: [238/284] Themes for 01KJVQZ7YX1N9TKVXRTVC768TN: []
2026-03-04 18:13:56,028 WARNING ingest.theme_classifier: Failed to parse theme classification output
2026-03-04 18:13:56,033 INFO ingest.theme_classifier: Low theme coverage (max relevance=0.00) for 01KJVR0B99DNB238SCFEE07RYH \u2014 proposing new theme
2026-03-04 18:14:14,067 INFO __main__: [239/284] Themes for 01KJVR0B99DNB238SCFEE07RYH: []
2026-03-04 18:14:35,352 WARNING ingest.theme_classifier: Failed to parse theme classification output
2026-03-04 18:14:35,361 INFO ingest.theme_classifier: Low theme coverage (max relevance=0.00) for 01KJVR2WJ1ZQPBM0QNT2P4DPK0 \u2014 proposing new theme
2026-03-04 18:14:56,536 INFO __main__: [240/284] Themes for 01KJVR2WJ1ZQPBM0QNT2P4DPK0: []
2026-03-04 18:15:19,026 WARNING ingest.theme_classifier: Failed to parse theme classification output
2026-03-04 18:15:19,032 INFO ingest.theme_classifier: Low theme coverage (max relevance=0.00) for 01KJVR48TZQRMPK7TYA97Q7CKV \u2014 proposing new theme
2026-03-04 18:15:34,381 INFO __main__: [241/284] Themes for 01KJVR48TZQRMPK7TYA97Q7CKV: []
2026-03-04 18:15:51,400 WARNING ingest.theme_classifier: Failed to parse theme classification output
2026-03-04 18:15:51,405 INFO ingest.theme_classifier: Low theme coverage (max relevance=0.00) for 01KJVR7GAMPTJ34WZSTP6K1VC1 \u2014 proposing new theme
2026-03-04 18:16:05,377 INFO __main__: [242/284] Themes for 01KJVR7GAMPTJ34WZSTP6K1VC1: []
2026-03-04 18:16:25,795 WARNING ingest.theme_classifier: Failed to parse theme classification output
2026-03-04 18:16:25,802 INFO ingest.theme_classifier: Low theme coverage (max relevance=0.00) for 01KJVRC3JX821XQE4V2NJEHFN1 \u2014 proposing new theme
2026-03-04 18:16:46,582 INFO __main__: [243/284] Themes for 01KJVRC3JX821XQE4V2NJEHFN1: []
2026-03-04 18:17:06,833 WARNING ingest.theme_classifier: Failed to parse theme classification output
2026-03-04 18:17:06,838 INFO ingest.theme_classifier: Low theme coverage (max relevance=0.00) for 01KJVRCA1SGV9NPA52RKG1ZK7H \u2014 proposing new theme
2026-03-04 18:17:22,943 INFO __main__: [244/284] Themes for 01KJVRCA1SGV9NPA52RKG1ZK7H: []
2026-03-04 18:17:39,208 WARNING ingest.theme_classifier: Failed to parse theme classification output
2026-03-04 18:17:39,213 INFO ingest.theme_classifier: Low theme coverage (max relevance=0.00) for 01KJVRG870GG6Z10E67SQTPTHK \u2014 proposing new theme
2026-03-04 18:17:52,766 INFO __main__: [245/284] Themes for 01KJVRG870GG6Z10E67SQTPTHK: []
2026-03-04 18:18:15,556 WARNING ingest.theme_classifier: Failed to parse theme classification output
2026-03-04 18:18:15,563 INFO ingest.theme_classifier: Low theme coverage (max relevance=0.00) for 01KJVRMEM42XRWXZK83SHG7C2R \u2014 proposing new theme
2026-03-04 18:18:34,750 INFO __main__: [246/284] Themes for 01KJVRMEM42XRWXZK83SHG7C2R: []
2026-03-04 18:18:55,127 WARNING ingest.theme_classifier: Failed to parse theme classification output
2026-03-04 18:18:55,132 INFO ingest.theme_classifier: Low theme coverage (max relevance=0.00) for 01KJVRMEQFED9A5NCRZHQCDB2J \u2014 proposing new theme
2026-03-04 18:19:09,125 INFO __main__: [247/284] Themes for 01KJVRMEQFED9A5NCRZHQCDB2J: []
2026-03-04 18:19:25,694 WARNING ingest.theme_classifier: Failed to parse theme classification output
2026-03-04 18:19:25,699 INFO ingest.theme_classifier: Low theme coverage (max relevance=0.00) for 01KJVRQP8RVNXWK6W8H42CAQ4X \u2014 proposing new theme
2026-03-04 18:19:41,524 INFO __main__: [248/284] Themes for 01KJVRQP8RVNXWK6W8H42CAQ4X: []
2026-03-04 18:20:01,036 WARNING ingest.theme_classifier: Failed to parse theme classification output
2026-03-04 18:20:01,042 INFO ingest.theme_classifier: Low theme coverage (max relevance=0.00) for 01KJVRTAEMF1MPY6WT7CJTMG8D \u2014 proposing new theme
2026-03-04 18:20:15,169 INFO __main__: [249/284] Themes for 01KJVRTAEMF1MPY6WT7CJTMG8D: []
2026-03-04 18:20:32,664 WARNING ingest.theme_classifier: Failed to parse theme classification output
2026-03-04 18:20:32,672 INFO ingest.theme_classifier: Low theme coverage (max relevance=0.00) for 01KJVRVSPK1Y9D0ZHTMTTNNXEC \u2014 proposing new theme
2026-03-04 18:20:51,588 INFO __main__: [250/284] Themes for 01KJVRVSPK1Y9D0ZHTMTTNNXEC: []
2026-03-04 18:21:14,279 WARNING ingest.theme_classifier: Failed to parse theme classification output
2026-03-04 18:21:14,286 INFO ingest.theme_classifier: Low theme coverage (max relevance=0.00) for 01KJVRYH2G2SJKBGSPB92C9HW9 \u2014 proposing new theme
2026-03-04 18:21:28,170 INFO __main__: [251/284] Themes for 01KJVRYH2G2SJKBGSPB92C9HW9: []
2026-03-04 18:21:45,276 WARNING ingest.theme_classifier: Failed to parse theme classification output
2026-03-04 18:21:45,281 INFO ingest.theme_classifier: Low theme coverage (max relevance=0.00) for 01KJVS00V26Z39NDSVB07QJT1D \u2014 proposing new theme
2026-03-04 18:21:59,901 INFO __main__: [252/284] Themes for 01KJVS00V26Z39NDSVB07QJT1D: []
2026-03-04 18:22:24,810 WARNING ingest.theme_classifier: Failed to parse theme classification output
2026-03-04 18:22:24,817 INFO ingest.theme_classifier: Low theme coverage (max relevance=0.00) for 01KJVS330Y43TH4W93FNY7NB65 \u2014 proposing new theme
2026-03-04 18:22:45,495 INFO __main__: [253/284] Themes for 01KJVS330Y43TH4W93FNY7NB65: []
2026-03-04 18:23:02,489 WARNING ingest.theme_classifier: Failed to parse theme classification output
2026-03-04 18:23:02,494 INFO ingest.theme_classifier: Low theme coverage (max relevance=0.00) for 01KJVS64WBC54M2T10FRNC2E0G \u2014 proposing new theme
2026-03-04 18:23:19,083 INFO __main__: [254/284] Themes for 01KJVS64WBC54M2T10FRNC2E0G: []
2026-03-04 18:23:48,503 WARNING ingest.theme_classifier: Failed to parse theme classification output
2026-03-04 18:23:48,511 INFO ingest.theme_classifier: Low theme coverage (max relevance=0.00) for 01KJVS72MYZ359MY0N8QHDWDAW \u2014 proposing new theme
2026-03-04 18:24:23,782 INFO __main__: [255/284] Themes for 01KJVS72MYZ359MY0N8QHDWDAW: []
2026-03-04 18:24:43,236 WARNING ingest.theme_classifier: Failed to parse theme classification output
2026-03-04 18:24:43,241 INFO ingest.theme_classifier: Low theme coverage (max relevance=0.00) for 01KJVS9B1Y2BJXB5XD37Y2HSQT \u2014 proposing new theme
2026-03-04 18:25:00,654 INFO __main__: [256/284] Themes for 01KJVS9B1Y2BJXB5XD37Y2HSQT: []
2026-03-04 18:25:29,422 WARNING ingest.theme_classifier: Failed to parse theme classification output
2026-03-04 18:25:29,429 INFO ingest.theme_classifier: Low theme coverage (max relevance=0.00) for 01KJVSCDADQB46AAJ2EKGY7QJE \u2014 proposing new theme
2026-03-04 18:25:56,216 INFO __main__: [257/284] Themes for 01KJVSCDADQB46AAJ2EKGY7QJE: []
2026-03-04 18:26:24,264 WARNING ingest.theme_classifier: Failed to parse theme classification output
2026-03-04 18:26:24,275 INFO ingest.theme_classifier: Low theme coverage (max relevance=0.00) for 01KJVSF4MB346QV6T275HAV1HA \u2014 proposing new theme
2026-03-04 18:26:44,308 INFO __main__: [258/284] Themes for 01KJVSF4MB346QV6T275HAV1HA: []
2026-03-04 18:27:06,033 WARNING ingest.theme_classifier: Failed to parse theme classification output
2026-03-04 18:27:06,039 INFO ingest.theme_classifier: Low theme coverage (max relevance=0.00) for 01KJVSGCXW0PSCS647AEFRRCPS \u2014 proposing new theme
2026-03-04 18:27:25,948 INFO __main__: [259/284] Themes for 01KJVSGCXW0PSCS647AEFRRCPS: []
2026-03-04 18:27:56,827 WARNING ingest.theme_classifier: Failed to parse theme classification output
2026-03-04 18:27:56,836 INFO ingest.theme_classifier: Low theme coverage (max relevance=0.00) for 01KJVSK9YY0GCQERJDPVFG7GP6 \u2014 proposing new theme
2026-03-04 18:28:19,522 INFO __main__: [260/284] Themes for 01KJVSK9YY0GCQERJDPVFG7GP6: []
2026-03-04 18:28:38,904 WARNING ingest.theme_classifier: Failed to parse theme classification output
2026-03-04 18:28:38,909 INFO ingest.theme_classifier: Low theme coverage (max relevance=0.00) for 01KJVSM49BGZ5XDSQ5EBPJ71WE \u2014 proposing new theme
2026-03-04 18:29:17,323 INFO __main__: [261/284] Themes for 01KJVSM49BGZ5XDSQ5EBPJ71WE: []
2026-03-04 18:29:44,834 WARNING ingest.theme_classifier: Failed to parse theme classification output
2026-03-04 18:29:44,839 INFO ingest.theme_classifier: Low theme coverage (max relevance=0.00) for 01KJVSP7HTV1W80HD21RED09GC \u2014 proposing new theme
2026-03-04 18:29:59,124 INFO __main__: [262/284] Themes for 01KJVSP7HTV1W80HD21RED09GC: []
2026-03-04 18:30:23,549 WARNING ingest.theme_classifier: Failed to parse theme classification output
2026-03-04 18:30:23,556 INFO ingest.theme_classifier: Low theme coverage (max relevance=0.00) for 01KJVSSWSXZKBS0FR7T256NE0Q \u2014 proposing new theme
2026-03-04 18:30:41,411 INFO __main__: [263/284] Themes for 01KJVSSWSXZKBS0FR7T256NE0Q: []
2026-03-04 18:31:02,866 WARNING ingest.theme_classifier: Failed to parse theme classification output
2026-03-04 18:31:02,872 INFO ingest.theme_classifier: Low theme coverage (max relevance=0.00) for 01KJVSTFCBD9P1NRX381JCEJ2Y \u2014 proposing new theme
2026-03-04 18:31:17,362 INFO __main__: [264/284] Themes for 01KJVSTFCBD9P1NRX381JCEJ2Y: []
2026-03-04 18:31:33,787 WARNING ingest.theme_classifier: Failed to parse theme classification output
2026-03-04 18:31:33,793 INFO ingest.theme_classifier: Low theme coverage (max relevance=0.00) for 01KJVT1PHDJ7MR0QWEC9KYKTMV \u2014 proposing new theme
2026-03-04 18:32:02,976 INFO __main__: [265/284] Themes for 01KJVT1PHDJ7MR0QWEC9KYKTMV: []
2026-03-04 18:32:28,542 WARNING ingest.theme_classifier: Failed to parse theme classification output
2026-03-04 18:32:28,547 INFO ingest.theme_classifier: Low theme coverage (max relevance=0.00) for 01KJVT1PQCFK94WXDZC2D03YXD \u2014 proposing new theme
2026-03-04 18:32:46,851 INFO __main__: [266/284] Themes for 01KJVT1PQCFK94WXDZC2D03YXD: []
2026-03-04 18:33:13,847 WARNING ingest.theme_classifier: Failed to parse theme classification output
2026-03-04 18:33:13,853 INFO ingest.theme_classifier: Low theme coverage (max relevance=0.00) for 01KJVT4GRYRRCCQMVXA879SR86 \u2014 proposing new theme
2026-03-04 18:33:40,114 INFO __main__: [267/284] Themes for 01KJVT4GRYRRCCQMVXA879SR86: []
2026-03-04 18:34:07,216 WARNING ingest.theme_classifier: Failed to parse theme classification output
2026-03-04 18:34:07,223 INFO ingest.theme_classifier: Low theme coverage (max relevance=0.00) for 01KJVT9KJKNHTZQMRDTR46QG4K \u2014 proposing new theme
2026-03-04 18:34:23,690 INFO __main__: [268/284] Themes for 01KJVT9KJKNHTZQMRDTR46QG4K: []
2026-03-04 18:34:43,360 WARNING ingest.theme_classifier: Failed to parse theme classification output
2026-03-04 18:34:43,369 INFO ingest.theme_classifier: Low theme coverage (max relevance=0.00) for 01KJVTBKXPF88J5RA7WKPM8E8D \u2014 proposing new theme
2026-03-04 18:35:18,588 INFO __main__: [269/284] Themes for 01KJVTBKXPF88J5RA7WKPM8E8D: []
2026-03-04 18:35:45,521 WARNING ingest.theme_classifier: Failed to parse theme classification output
2026-03-04 18:35:45,533 INFO ingest.theme_classifier: Low theme coverage (max relevance=0.00) for 01KJVTECVD9692N9X8TS45JKXQ \u2014 proposing new theme
2026-03-04 18:36:05,740 INFO __main__: [270/284] Themes for 01KJVTECVD9692N9X8TS45JKXQ: []
2026-03-04 18:36:37,325 WARNING ingest.theme_classifier: Failed to parse theme classification output
2026-03-04 18:36:37,333 INFO ingest.theme_classifier: Low theme coverage (max relevance=0.00) for 01KJVTFS46G1H87RVABKPNS7E9 \u2014 proposing new theme
2026-03-04 18:37:16,161 INFO __main__: [271/284] Themes for 01KJVTFS46G1H87RVABKPNS7E9: []
2026-03-04 18:38:20,048 WARNING ingest.theme_classifier: Failed to parse theme classification output
2026-03-04 18:38:20,055 INFO ingest.theme_classifier: Low theme coverage (max relevance=0.00) for 01KJVTHEDFHEP9QXAWVYP0H1VZ \u2014 proposing new theme
2026-03-04 18:38:25,933 INFO __main__: [272/284] Themes for 01KJVTHEDFHEP9QXAWVYP0H1VZ: []
2026-03-04 18:39:08,376 WARNING ingest.theme_classifier: Failed to parse theme classification output
2026-03-04 18:39:08,383 INFO ingest.theme_classifier: Low theme coverage (max relevance=0.00) for 01KJVTN6C7Z8MWFBKEBA05ZF9K \u2014 proposing new theme
2026-03-04 18:39:36,650 INFO __main__: [273/284] Themes for 01KJVTN6C7Z8MWFBKEBA05ZF9K: []
2026-03-04 18:40:18,898 WARNING ingest.theme_classifier: Failed to parse theme classification output
2026-03-04 18:40:18,907 INFO ingest.theme_classifier: Low theme coverage (max relevance=0.00) for 01KJVTQQ0E450NP7F2M2EJ0Z4D \u2014 proposing new theme
2026-03-04 18:40:45,433 INFO __main__: [274/284] Themes for 01KJVTQQ0E450NP7F2M2EJ0Z4D: []
2026-03-04 18:41:18,421 WARNING ingest.theme_classifier: Failed to parse theme classification output
2026-03-04 18:41:18,428 INFO ingest.theme_classifier: Low theme coverage (max relevance=0.00) for 01KJVTRDK87KVXAJ52BG35RMJ1 \u2014 proposing new theme
2026-03-04 18:41:44,573 INFO __main__: [275/284] Themes for 01KJVTRDK87KVXAJ52BG35RMJ1: []
2026-03-04 18:42:13,301 WARNING ingest.theme_classifier: Failed to parse theme classification output
2026-03-04 18:42:13,308 INFO ingest.theme_classifier: Low theme coverage (max relevance=0.00) for 01KJVTXQWN3HRZAS9RHB3X3NK0 \u2014 proposing new theme
2026-03-04 18:42:36,039 INFO __main__: [276/284] Themes for 01KJVTXQWN3HRZAS9RHB3X3NK0: []
2026-03-04 18:42:55,915 WARNING ingest.theme_classifier: Failed to parse theme classification output
2026-03-04 18:42:55,922 INFO ingest.theme_classifier: Low theme coverage (max relevance=0.00) for 01KJVTY7JY0MEKFWN0T3J276MT \u2014 proposing new theme
2026-03-04 18:43:43,898 INFO __main__: [277/284] Themes for 01KJVTY7JY0MEKFWN0T3J276MT: []
2026-03-04 18:44:31,636 WARNING ingest.theme_classifier: Failed to parse theme classification output
2026-03-04 18:44:31,642 INFO ingest.theme_classifier: Low theme coverage (max relevance=0.00) for 01KJVV0PNMHV3X43F3SXA1BSP9 \u2014 proposing new theme
2026-03-04 18:45:20,149 INFO __main__: [278/284] Themes for 01KJVV0PNMHV3X43F3SXA1BSP9: []
2026-03-04 18:45:38,691 WARNING ingest.theme_classifier: Failed to parse theme classification output
2026-03-04 18:45:38,698 INFO ingest.theme_classifier: Low theme coverage (max relevance=0.00) for 01KJVV469S2T4WJESN0K6D3NAD \u2014 proposing new theme
2026-03-04 18:45:55,501 INFO __main__: [279/284] Themes for 01KJVV469S2T4WJESN0K6D3NAD: []
2026-03-04 18:46:14,100 WARNING ingest.theme_classifier: Failed to parse theme classification output
2026-03-04 18:46:14,107 INFO ingest.theme_classifier: Low theme coverage (max relevance=0.00) for 01KJVV5P22K2RWD9VZFEB99HKB \u2014 proposing new theme
2026-03-04 18:46:36,150 INFO __main__: [280/284] Themes for 01KJVV5P22K2RWD9VZFEB99HKB: []
2026-03-04 18:47:01,090 WARNING ingest.theme_classifier: Failed to parse theme classification output
2026-03-04 18:47:01,096 INFO ingest.theme_classifier: Low theme coverage (max relevance=0.00) for 01KJVV7HTPJHZ7F7Y3VMSAQT45 \u2014 proposing new theme
2026-03-04 18:47:19,344 INFO __main__: [281/284] Themes for 01KJVV7HTPJHZ7F7Y3VMSAQT45: []
2026-03-04 18:47:38,870 WARNING ingest.theme_classifier: Failed to parse theme classification output
2026-03-04 18:47:38,875 INFO ingest.theme_classifier: Low theme coverage (max relevance=0.00) for 01KJVVA0Q269HQCAFH3CZYQXE5 \u2014 proposing new theme
2026-03-04 18:47:54,619 INFO __main__: [282/284] Themes for 01KJVVA0Q269HQCAFH3CZYQXE5: []
2026-03-04 18:48:14,637 WARNING ingest.theme_classifier: Failed to parse theme classification output
2026-03-04 18:48:14,643 INFO ingest.theme_classifier: Low theme coverage (max relevance=0.00) for 01KJVVDA1FXWKWMM3JTRR2704T \u2014 proposing new theme
2026-03-04 18:48:34,617 INFO __main__: [283/284] Themes for 01KJVVDA1FXWKWMM3JTRR2704T: []
2026-03-04 18:48:58,326 WARNING ingest.theme_classifier: Failed to parse theme classification output
2026-03-04 18:48:58,335 INFO ingest.theme_classifier: Low theme coverage (max relevance=0.00) for 01KJVVDN9728146YK7HQXCNGA0 \u2014 proposing new theme
2026-03-04 18:49:18,303 INFO __main__: [284/284] Themes for 01KJVVDN9728146YK7HQXCNGA0: []
2026-03-04 18:49:18,309 INFO __main__: Theme reprocessing complete

Reprocessing complete. Run --scan to verify results.
